\BOOKMARK [0][-]{chapter*.5}{\315ndice de Figuras}{}% 1
\BOOKMARK [0][-]{chapter*.6}{\315ndice de Tablas}{}% 2
\BOOKMARK [0][-]{chapter.1}{INTRODUCCI\323N}{}% 3
\BOOKMARK [1][-]{section.1.1}{Motivaci\363n}{chapter.1}% 4
\BOOKMARK [1][-]{section.1.2}{Antecedentes}{chapter.1}% 5
\BOOKMARK [1][-]{section.1.3}{Objetivos}{chapter.1}% 6
\BOOKMARK [1][-]{section.1.4}{Metodolog\355a}{chapter.1}% 7
\BOOKMARK [1][-]{section.1.5}{Desarrollo del Documento}{chapter.1}% 8
\BOOKMARK [1][-]{section.1.6}{Bibliometr\355a}{chapter.1}% 9
\BOOKMARK [0][-]{chapter.2}{PROCESOS DE FORMACI\323N \040Y MORFOLOG\315A DE LAS PART\315CULAS DI\311SEL}{}% 10
\BOOKMARK [1][-]{section.2.1}{Introducci\363n}{chapter.2}% 11
\BOOKMARK [1][-]{section.2.2}{Procesos de formaci\363n de las part\355culas}{chapter.2}% 12
\BOOKMARK [2][-]{subsection.2.2.1}{Introducci\363n}{section.2.2}% 13
\BOOKMARK [3][-]{subsubsection.2.2.1.1}{Holl\355n}{subsection.2.2.1}% 14
\BOOKMARK [3][-]{subsubsection.2.2.1.2}{Nucleaci\363n de las part\355culas}{subsection.2.2.1}% 15
\BOOKMARK [3][-]{subsubsection.2.2.1.3}{Crecimiento superficial de las part\355culas}{subsection.2.2.1}% 16
\BOOKMARK [3][-]{subsubsection.2.2.1.4}{Oxidaci\363n}{subsection.2.2.1}% 17
\BOOKMARK [3][-]{subsubsection.2.2.1.5}{Aglomeraci\363n y agregaci\363n}{subsection.2.2.1}% 18
\BOOKMARK [2][-]{subsection.2.2.2}{Formaci\363n de part\355culas y composici\363n}{section.2.2}% 19
\BOOKMARK [2][-]{subsection.2.2.3}{Colisiones entre part\355culas}{section.2.2}% 20
\BOOKMARK [2][-]{subsection.2.2.4}{Tipos de uni\363n}{section.2.2}% 21
\BOOKMARK [2][-]{subsection.2.2.5}{Tipos de aglomeraci\363n}{section.2.2}% 22
\BOOKMARK [3][-]{subsubsection.2.2.5.1}{Introducci\363n}{subsection.2.2.5}% 23
\BOOKMARK [3][-]{subsubsection.2.2.5.2}{Aglomeraci\363n limitada por difusi\363n}{subsection.2.2.5}% 24
\BOOKMARK [3][-]{subsubsection.2.2.5.3}{Aglomeraci\363n bal\355stica}{subsection.2.2.5}% 25
\BOOKMARK [3][-]{subsubsection.2.2.5.4}{Aglomeraci\363n limitada por reacci\363n}{subsection.2.2.5}% 26
\BOOKMARK [2][-]{subsection.2.2.6}{Reestructuracion t\351rmica del aglomerado}{section.2.2}% 27
\BOOKMARK [1][-]{section.2.3}{Efectos mediambientales y fisiol\363gicos debidos \040a la morfolog\355a de los aglomerados}{chapter.2}% 28
\BOOKMARK [2][-]{subsection.2.3.1}{Introducci\363n}{section.2.3}% 29
\BOOKMARK [2][-]{subsection.2.3.2}{Efectos sobre la salud p\372blica}{section.2.3}% 30
\BOOKMARK [2][-]{subsection.2.3.3}{Impacto medioambiental}{section.2.3}% 31
\BOOKMARK [0][-]{chapter.3}{INSTALACIONES EXPERIMENTALES}{}% 32
\BOOKMARK [0][-]{chapter.4}{M\311TODO DE AN\301LISIS FRACTAL PROPUESTO}{}% 33
\BOOKMARK [1][-]{section.4.1}{Conceptos b\341sicos}{chapter.4}% 34
\BOOKMARK [1][-]{section.4.2}{Descripci\363n del modelo geom\351trico}{chapter.4}% 35
\BOOKMARK [1][-]{section.4.3}{Algoritmo del modelo}{chapter.4}% 36
\BOOKMARK [1][-]{section.4.4}{Hip\363tesis del modelo}{chapter.4}% 37
\BOOKMARK [0][-]{chapter.5}{GENERALIZACI\323N A PART\315CULAS DEFORMADAS}{}% 38
\BOOKMARK [1][-]{section.5.1}{Modelado del prefactor kf}{chapter.5}% 39
\BOOKMARK [1][-]{section.5.2}{Coeficiente de solape para part\355culas deformadas z}{chapter.5}% 40
\BOOKMARK [0][-]{chapter.6}{APLICACI\323N DEL MODELO}{}% 41
\BOOKMARK [0][-]{appendix*.21}{Ap\351ndice: Beer-Lambert}{}% 42
\BOOKMARK [0][-]{appendix*.22}{Teor\355a sobre polinomios factoriales}{}% 43
