This is pdfTeX, Version 3.14159265-2.6-1.40.16 (TeX Live 2015/W32TeX) (preloaded format=pdflatex 2016.1.10)  10 JAN 2016 21:56
entering extended mode
 restricted \write18 enabled.
 %&-line parsing enabled.
**./PRINCIPAL.tex
(./PRINCIPAL.tex
LaTeX2e <2015/10/01> patch level 2
Babel <3.9n> and hyphenation patterns for 79 languages loaded.
(c:/texlive/2015/texmf-dist/tex/latex/base/book.cls
Document Class: book 2014/09/29 v1.4h Standard LaTeX document class
(c:/texlive/2015/texmf-dist/tex/latex/base/bk12.clo
File: bk12.clo 2014/09/29 v1.4h Standard LaTeX file (size option)
)
\c@part=\count79
\c@chapter=\count80
\c@section=\count81
\c@subsection=\count82
\c@subsubsection=\count83
\c@paragraph=\count84
\c@subparagraph=\count85
\c@figure=\count86
\c@table=\count87
\abovecaptionskip=\skip41
\belowcaptionskip=\skip42
\bibindent=\dimen102
) (./Config/pfc_options.tex (c:/texlive/2015/texmf-dist/tex/latex/fancyhdr/fanc
yhdr.sty
\fancy@headwidth=\skip43
\f@ncyO@elh=\skip44
\f@ncyO@erh=\skip45
\f@ncyO@olh=\skip46
\f@ncyO@orh=\skip47
\f@ncyO@elf=\skip48
\f@ncyO@erf=\skip49
\f@ncyO@olf=\skip50
\f@ncyO@orf=\skip51
)
(c:/texlive/2015/texmf-dist/tex/latex/setspace/setspace.sty
Package: setspace 2011/12/19 v6.7a set line spacing
)
(c:/texlive/2015/texmf-dist/tex/latex/tools/longtable.sty
Package: longtable 2014/10/28 v4.11 Multi-page Table package (DPC)
\LTleft=\skip52
\LTright=\skip53
\LTpre=\skip54
\LTpost=\skip55
\LTchunksize=\count88
\LTcapwidth=\dimen103
\LT@head=\box26
\LT@firsthead=\box27
\LT@foot=\box28
\LT@lastfoot=\box29
\LT@cols=\count89
\LT@rows=\count90
\c@LT@tables=\count91
\c@LT@chunks=\count92
\LT@p@ftn=\toks14
)
(c:/texlive/2015/texmf-dist/tex/latex/graphics/lscape.sty
Package: lscape 2000/10/22 v3.01 Landscape Pages (DPC)

(c:/texlive/2015/texmf-dist/tex/latex/graphics/graphics.sty
Package: graphics 2014/10/28 v1.0p Standard LaTeX Graphics (DPC,SPQR)

(c:/texlive/2015/texmf-dist/tex/latex/graphics/trig.sty
Package: trig 1999/03/16 v1.09 sin cos tan (DPC)
)
(c:/texlive/2015/texmf-dist/tex/latex/latexconfig/graphics.cfg
File: graphics.cfg 2010/04/23 v1.9 graphics configuration of TeX Live
)
Package graphics Info: Driver file: pdftex.def on input line 94.

(c:/texlive/2015/texmf-dist/tex/latex/pdftex-def/pdftex.def
File: pdftex.def 2011/05/27 v0.06d Graphics/color for pdfTeX

(c:/texlive/2015/texmf-dist/tex/generic/oberdiek/infwarerr.sty
Package: infwarerr 2010/04/08 v1.3 Providing info/warning/error messages (HO)
)
(c:/texlive/2015/texmf-dist/tex/generic/oberdiek/ltxcmds.sty
Package: ltxcmds 2011/11/09 v1.22 LaTeX kernel commands for general use (HO)
)
\Gread@gobject=\count93
)))
(c:/texlive/2015/texmf-dist/tex/latex/graphics/color.sty
Package: color 2014/10/28 v1.1a Standard LaTeX Color (DPC)

(c:/texlive/2015/texmf-dist/tex/latex/latexconfig/color.cfg
File: color.cfg 2007/01/18 v1.5 color configuration of teTeX/TeXLive
)
Package color Info: Driver file: pdftex.def on input line 142.
)
(c:/texlive/2015/texmf-dist/tex/latex/rotating/rotating.sty
Package: rotating 2009/03/28 v2.16a rotated objects in LaTeX

(c:/texlive/2015/texmf-dist/tex/latex/graphics/graphicx.sty
Package: graphicx 2014/10/28 v1.0g Enhanced LaTeX Graphics (DPC,SPQR)

(c:/texlive/2015/texmf-dist/tex/latex/graphics/keyval.sty
Package: keyval 2014/10/28 v1.15 key=value parser (DPC)
\KV@toks@=\toks15
)
\Gin@req@height=\dimen104
\Gin@req@width=\dimen105
)
(c:/texlive/2015/texmf-dist/tex/latex/base/ifthen.sty
Package: ifthen 2014/09/29 v1.1c Standard LaTeX ifthen package (DPC)
)
\c@r@tfl@t=\count94
\rotFPtop=\skip56
\rotFPbot=\skip57
\rot@float@box=\box30
\rot@mess@toks=\toks16
)
(c:/texlive/2015/texmf-dist/tex/latex/base/textcomp.sty
Package: textcomp 2005/09/27 v1.99g Standard LaTeX package
Package textcomp Info: Sub-encoding information:
(textcomp)               5 = only ISO-Adobe without \textcurrency
(textcomp)               4 = 5 + \texteuro
(textcomp)               3 = 4 + \textohm
(textcomp)               2 = 3 + \textestimated + \textcurrency
(textcomp)               1 = TS1 - \textcircled - \t
(textcomp)               0 = TS1 (full)
(textcomp)             Font families with sub-encoding setting implement
(textcomp)             only a restricted character set as indicated.
(textcomp)             Family '?' is the default used for unknown fonts.
(textcomp)             See the documentation for details.
Package textcomp Info: Setting ? sub-encoding to TS1/1 on input line 79.

(c:/texlive/2015/texmf-dist/tex/latex/base/ts1enc.def
File: ts1enc.def 2001/06/05 v3.0e (jk/car/fm) Standard LaTeX file
)
LaTeX Info: Redefining \oldstylenums on input line 334.
Package textcomp Info: Setting cmr sub-encoding to TS1/0 on input line 349.
Package textcomp Info: Setting cmss sub-encoding to TS1/0 on input line 350.
Package textcomp Info: Setting cmtt sub-encoding to TS1/0 on input line 351.
Package textcomp Info: Setting cmvtt sub-encoding to TS1/0 on input line 352.
Package textcomp Info: Setting cmbr sub-encoding to TS1/0 on input line 353.
Package textcomp Info: Setting cmtl sub-encoding to TS1/0 on input line 354.
Package textcomp Info: Setting ccr sub-encoding to TS1/0 on input line 355.
Package textcomp Info: Setting ptm sub-encoding to TS1/4 on input line 356.
Package textcomp Info: Setting pcr sub-encoding to TS1/4 on input line 357.
Package textcomp Info: Setting phv sub-encoding to TS1/4 on input line 358.
Package textcomp Info: Setting ppl sub-encoding to TS1/3 on input line 359.
Package textcomp Info: Setting pag sub-encoding to TS1/4 on input line 360.
Package textcomp Info: Setting pbk sub-encoding to TS1/4 on input line 361.
Package textcomp Info: Setting pnc sub-encoding to TS1/4 on input line 362.
Package textcomp Info: Setting pzc sub-encoding to TS1/4 on input line 363.
Package textcomp Info: Setting bch sub-encoding to TS1/4 on input line 364.
Package textcomp Info: Setting put sub-encoding to TS1/5 on input line 365.
Package textcomp Info: Setting uag sub-encoding to TS1/5 on input line 366.
Package textcomp Info: Setting ugq sub-encoding to TS1/5 on input line 367.
Package textcomp Info: Setting ul8 sub-encoding to TS1/4 on input line 368.
Package textcomp Info: Setting ul9 sub-encoding to TS1/4 on input line 369.
Package textcomp Info: Setting augie sub-encoding to TS1/5 on input line 370.
Package textcomp Info: Setting dayrom sub-encoding to TS1/3 on input line 371.
Package textcomp Info: Setting dayroms sub-encoding to TS1/3 on input line 372.

Package textcomp Info: Setting pxr sub-encoding to TS1/0 on input line 373.
Package textcomp Info: Setting pxss sub-encoding to TS1/0 on input line 374.
Package textcomp Info: Setting pxtt sub-encoding to TS1/0 on input line 375.
Package textcomp Info: Setting txr sub-encoding to TS1/0 on input line 376.
Package textcomp Info: Setting txss sub-encoding to TS1/0 on input line 377.
Package textcomp Info: Setting txtt sub-encoding to TS1/0 on input line 378.
Package textcomp Info: Setting lmr sub-encoding to TS1/0 on input line 379.
Package textcomp Info: Setting lmdh sub-encoding to TS1/0 on input line 380.
Package textcomp Info: Setting lmss sub-encoding to TS1/0 on input line 381.
Package textcomp Info: Setting lmssq sub-encoding to TS1/0 on input line 382.
Package textcomp Info: Setting lmvtt sub-encoding to TS1/0 on input line 383.
Package textcomp Info: Setting lmtt sub-encoding to TS1/0 on input line 384.
Package textcomp Info: Setting qhv sub-encoding to TS1/0 on input line 385.
Package textcomp Info: Setting qag sub-encoding to TS1/0 on input line 386.
Package textcomp Info: Setting qbk sub-encoding to TS1/0 on input line 387.
Package textcomp Info: Setting qcr sub-encoding to TS1/0 on input line 388.
Package textcomp Info: Setting qcs sub-encoding to TS1/0 on input line 389.
Package textcomp Info: Setting qpl sub-encoding to TS1/0 on input line 390.
Package textcomp Info: Setting qtm sub-encoding to TS1/0 on input line 391.
Package textcomp Info: Setting qzc sub-encoding to TS1/0 on input line 392.
Package textcomp Info: Setting qhvc sub-encoding to TS1/0 on input line 393.
Package textcomp Info: Setting futs sub-encoding to TS1/4 on input line 394.
Package textcomp Info: Setting futx sub-encoding to TS1/4 on input line 395.
Package textcomp Info: Setting futj sub-encoding to TS1/4 on input line 396.
Package textcomp Info: Setting hlh sub-encoding to TS1/3 on input line 397.
Package textcomp Info: Setting hls sub-encoding to TS1/3 on input line 398.
Package textcomp Info: Setting hlst sub-encoding to TS1/3 on input line 399.
Package textcomp Info: Setting hlct sub-encoding to TS1/5 on input line 400.
Package textcomp Info: Setting hlx sub-encoding to TS1/5 on input line 401.
Package textcomp Info: Setting hlce sub-encoding to TS1/5 on input line 402.
Package textcomp Info: Setting hlcn sub-encoding to TS1/5 on input line 403.
Package textcomp Info: Setting hlcw sub-encoding to TS1/5 on input line 404.
Package textcomp Info: Setting hlcf sub-encoding to TS1/5 on input line 405.
Package textcomp Info: Setting pplx sub-encoding to TS1/3 on input line 406.
Package textcomp Info: Setting pplj sub-encoding to TS1/3 on input line 407.
Package textcomp Info: Setting ptmx sub-encoding to TS1/4 on input line 408.
Package textcomp Info: Setting ptmj sub-encoding to TS1/4 on input line 409.
)
(c:/texlive/2015/texmf-dist/tex/latex/minitoc/minitoc.sty
Package: minitoc 2015/07/13 v61 Package minitoc

(c:/texlive/2015/texmf-dist/tex/latex/minitoc/mtcmess.sty
Package: mtcmess 2006/03/14
)
Package minitoc Info: I0001
(minitoc)             *** minitoc package, version 61 ***.
\tf@mtc=\write3
\mtcindent=\skip58
\mtcskipamount=\skip59
Package minitoc Info: I0005
(minitoc)             compatible with hyperref.
Package minitoc Info: I0023
(minitoc)             part level macros available.
Package minitoc Info: I0003
(minitoc)             chapter level macros available.
\mtc@toks=\toks17
\mtc@strutbox=\box31
\mtc@hstrutbox=\box32
Package minitoc Info: I0002
(minitoc)             Autoconfiguration of extensions.
\openout3 = `PRINCIPAL.mtc0'.

\openout3 = `PRINCIPAL.mtc'.

 (./PRINCIPAL.mtc0)
Package minitoc Info: I0012
(minitoc)             Long extensions (Unix-like) will be used.
Package minitoc Info: I0031
(minitoc)             ==> this version is configured for UNIX-like 
(minitoc)                 (long extensions) file names.
\openout3 = `PRINCIPAL.mtc'.

\openout3 = `PRINCIPAL.mtc0'.

\c@mtc=\count95
\c@minitocdepth=\count96
\c@ptc=\count97
\c@parttocdepth=\count98
\ptcindent=\skip60
Package minitoc Info: I0010
(minitoc)             The english language is selected.
(minitoc)              on input line 4909.

(c:/texlive/2015/texmf-dist/tex/latex/minitoc/english.mld
File: english.mld 2006/01/13
)
(c:/texlive/2015/texmf-dist/tex/latex/minitoc/english.mld
File: english.mld 2006/01/13
)
Package minitoc Info: I0010
(minitoc)             The spanish language is selected.
(minitoc)              on input line 4910.

(c:/texlive/2015/texmf-dist/tex/latex/minitoc/spanish.mld
File: spanish.mld 2008/04/03
))
(c:/texlive/2015/texmf-dist/tex/generic/epsf/epsf.sty
This is `epsf.tex' v2.7.4 <14 February 2011>
\epsffilein=\read1
\epsfframemargin=\dimen106
\epsfframethickness=\dimen107
\epsfrsize=\dimen108
\epsftmp=\dimen109
\epsftsize=\dimen110
\epsfxsize=\dimen111
\epsfysize=\dimen112
\pspoints=\dimen113
) (c:/texlive/2015/texmf-dist/tex/latex/textpos/textpos.sty
Package: textpos 2014/01/03 v1.7j

Package: textpos 2014/01/03 1.7j, absolute positioning of text on the page
(c:/texlive/2015/texmf-dist/tex/latex/ms/everyshi.sty
Package: everyshi 2001/05/15 v3.00 EveryShipout Package (MS)
)
\TP@textbox=\box33
\TP@holdbox=\box34
\TPHorizModule=\dimen114
\TPVertModule=\dimen115
\TP@margin=\dimen116
\TP@absmargin=\dimen117

Grid set 16 x 16 = 37.34424pt x 52.81541pt
\TPboxrulesize=\dimen118
\TP@ox=\dimen119
\TP@oy=\dimen120
\TP@tbargs=\toks18
\TP@prevdepth=\dimen121
TextBlockOrigin set to 0pt x 0pt
) (c:/texlive/2015/texmf-dist/tex/generic/babel/babel.sty
Package: babel 2016/01/08 3.9n The Babel package

(c:/texlive/2015/texmf-dist/tex/generic/babel-spanish/spanish.ldf
Language: spanish.ldf 2014/04/24 v5.0n Spanish support from the babel system

(c:/texlive/2015/texmf-dist/tex/generic/babel/babel.def
File: babel.def 2016/01/08 3.9n Babel common definitions
\babel@savecnt=\count99
\U@D=\dimen122
)
\es@quottoks=\toks19
\es@quotdepth=\count100
Package babel Info: Making " an active character on input line 516.
Package babel Info: Making . an active character on input line 617.
Package babel Info: Making < an active character on input line 662.
Package babel Info: Making > an active character on input line 662.
))
(c:/texlive/2015/texmf-dist/tex/latex/base/inputenc.sty
Package: inputenc 2015/03/17 v1.2c Input encoding file
\inpenc@prehook=\toks20
\inpenc@posthook=\toks21

(c:/texlive/2015/texmf-dist/tex/latex/base/latin1.def
File: latin1.def 2015/03/17 v1.2c Input encoding file
))
(c:/texlive/2015/texmf-dist/tex/latex/base/latexsym.sty
Package: latexsym 1998/08/17 v2.2e Standard LaTeX package (lasy symbols)
\symlasy=\mathgroup4
LaTeX Font Info:    Overwriting symbol font `lasy' in version `bold'
(Font)                  U/lasy/m/n --> U/lasy/b/n on input line 52.
) (./Config/bpchem.sty

LaTeX Warning: You have requested package `Config/bpchem',
               but the package provides `bpchem'.

Package: bpchem 2004/11/25 v1.06 Chemical input helper
(c:/texlive/2015/texmf-dist/tex/latex/tools/xspace.sty
Package: xspace 2014/10/28 v1.13 Space after command names (DPC,MH)
)
\BPClensub=\skip61
\BPClensuper=\skip62
\BPCdelta=\skip63
LaTeX Info: Redefining \allowhyphens on input line 128.
LaTeX Info: Redefining \| on input line 148.
LaTeX Info: Redefining \- on input line 149.
\c@BPCno=\count101
\c@BPCnoa=\count102
Package bpchem Info: using default math greek fonts on input line 216.
)
(c:/texlive/2015/texmf-dist/tex/latex/mhchem/mhchem.sty
Package: mhchem 2015/11/29 v4.03 for typesetting chemical formulae

(c:/texlive/2015/texmf-dist/tex/latex/l3kernel/expl3.sty
Package: expl3 2016/01/03 v6358 L3 programming layer (loader) 

(c:/texlive/2015/texmf-dist/tex/latex/l3kernel/expl3-code.tex
Package: expl3 2016/01/03 v6358 L3 programming layer (code)
L3 Module: l3bootstrap 2016/01/01 v6339 L3 Bootstrap code
L3 Module: l3names 2015/12/21 v6328 L3 Namespace for primitives
L3 Module: l3basics 2015/11/22 v6315 L3 Basic definitions
L3 Module: l3expan 2015/09/10 v5983 L3 Argument expansion
L3 Module: l3tl 2015/09/29 v6121 L3 Token lists
L3 Module: l3str 2016/01/03 v6357 L3 Strings
L3 Module: l3seq 2015/08/05 v5777 L3 Sequences and stacks
L3 Module: l3int 2015/09/25 v6089 L3 Integers
\c_max_int=\count103
\l_tmpa_int=\count104
\l_tmpb_int=\count105
\g_tmpa_int=\count106
\g_tmpb_int=\count107
L3 Module: l3quark 2015/08/17 v5855 L3 Quarks
L3 Module: l3prg 2015/11/01 v6216 L3 Control structures
\g__prg_map_int=\count108
L3 Module: l3clist 2015/09/02 v5901 L3 Comma separated lists
L3 Module: l3token 2015/11/11 v6249 L3 Experimental token manipulation
L3 Module: l3prop 2015/08/05 v5777 L3 Property lists
L3 Module: l3msg 2015/09/28 v6113 L3 Messages
L3 Module: l3file 2015/12/03 v6317 L3 File and I/O operations
\l_iow_line_count_int=\count109
\l__iow_target_count_int=\count110
\l__iow_current_line_int=\count111
\l__iow_current_word_int=\count112
\l__iow_current_indentation_int=\count113
L3 Module: l3skip 2015/09/25 v6089 L3 Dimensions and skips
\c_zero_dim=\dimen123
\c_max_dim=\dimen124
\l_tmpa_dim=\dimen125
\l_tmpb_dim=\dimen126
\g_tmpa_dim=\dimen127
\g_tmpb_dim=\dimen128
\c_zero_skip=\skip64
\c_max_skip=\skip65
\l_tmpa_skip=\skip66
\l_tmpb_skip=\skip67
\g_tmpa_skip=\skip68
\g_tmpb_skip=\skip69
\c_zero_muskip=\muskip10
\c_max_muskip=\muskip11
\l_tmpa_muskip=\muskip12
\l_tmpb_muskip=\muskip13
\g_tmpa_muskip=\muskip14
\g_tmpb_muskip=\muskip15
L3 Module: l3keys 2015/11/17 v6284 L3 Key-value interfaces
\g__keyval_level_int=\count114
\l_keys_choice_int=\count115
L3 Module: l3fp 2015/08/25 v5890 L3 Floating points
\c__fp_leading_shift_int=\count116
\c__fp_middle_shift_int=\count117
\c__fp_trailing_shift_int=\count118
\c__fp_big_leading_shift_int=\count119
\c__fp_big_middle_shift_int=\count120
\c__fp_big_trailing_shift_int=\count121
\c__fp_Bigg_leading_shift_int=\count122
\c__fp_Bigg_middle_shift_int=\count123
\c__fp_Bigg_trailing_shift_int=\count124
L3 Module: l3box 2015/08/09 v5822 L3 Experimental boxes
\c_empty_box=\box35
\l_tmpa_box=\box36
\l_tmpb_box=\box37
\g_tmpa_box=\box38
\g_tmpb_box=\box39
L3 Module: l3coffins 2015/08/06 v5789 L3 Coffin code layer
\l__coffin_internal_box=\box40
\l__coffin_internal_dim=\dimen129
\l__coffin_offset_x_dim=\dimen130
\l__coffin_offset_y_dim=\dimen131
\l__coffin_x_dim=\dimen132
\l__coffin_y_dim=\dimen133
\l__coffin_x_prime_dim=\dimen134
\l__coffin_y_prime_dim=\dimen135
\c_empty_coffin=\box41
\l__coffin_aligned_coffin=\box42
\l__coffin_aligned_internal_coffin=\box43
\l_tmpa_coffin=\box44
\l_tmpb_coffin=\box45
\l__coffin_display_coffin=\box46
\l__coffin_display_coord_coffin=\box47
\l__coffin_display_pole_coffin=\box48
\l__coffin_display_offset_dim=\dimen136
\l__coffin_display_x_dim=\dimen137
\l__coffin_display_y_dim=\dimen138
L3 Module: l3color 2014/08/23 v5354 L3 Experimental color support
L3 Module: l3candidates 2015/12/20 v6325 L3 Experimental additions to l3kernel
\l__box_top_dim=\dimen139
\l__box_bottom_dim=\dimen140
\l__box_left_dim=\dimen141
\l__box_right_dim=\dimen142
\l__box_top_new_dim=\dimen143
\l__box_bottom_new_dim=\dimen144
\l__box_left_new_dim=\dimen145
\l__box_right_new_dim=\dimen146
\l__box_internal_box=\box49
\l__coffin_bounding_shift_dim=\dimen147
\l__coffin_left_corner_dim=\dimen148
\l__coffin_right_corner_dim=\dimen149
\l__coffin_bottom_corner_dim=\dimen150
\l__coffin_top_corner_dim=\dimen151
\l__coffin_scaled_total_height_dim=\dimen152
\l__coffin_scaled_width_dim=\dimen153
L3 Module: l3sys 2015/09/25 v6087 L3 Experimental system/runtime functions
L3 Module: l3luatex 2015/11/11 v6250 L3 Experimental LuaTeX-specific functions
)
(c:/texlive/2015/texmf-dist/tex/latex/l3kernel/l3pdfmode.def
File: l3pdfmode.def 2015/11/11 v6250 L3 Experimental driver: PDF mode
\l__driver_color_stack_int=\count125
))
(c:/texlive/2015/texmf-dist/tex/latex/l3packages/l3keys2e/l3keys2e.sty
Package: l3keys2e 2015/12/20 v6326 LaTeX2e option processing using LaTeX3 keys
)
(c:/texlive/2015/texmf-dist/tex/latex/l3experimental/l3str/l3regex.sty
Package: l3regex 2015/12/20 v6326 L3 Experimental regular expressions

(c:/texlive/2015/texmf-dist/tex/latex/l3experimental/l3str/l3tl-build.sty
Package: l3tl-build 2015/12/20 v6326 L3 Experimental token list construction
\l__tl_build_start_index_int=\count126
\l__tl_build_index_int=\count127
)
(c:/texlive/2015/texmf-dist/tex/latex/l3experimental/l3str/l3tl-analysis.sty
Package: l3tl-analysis 2015/11/09 v6244 L3 Experimental token lists analysis
\l__tl_analysis_normal_int=\count128
\l__tl_analysis_index_int=\count129
\l__tl_analysis_nesting_int=\count130
\l__tl_analysis_type_int=\count131
)
(c:/texlive/2015/texmf-dist/tex/latex/l3experimental/l3str/l3flag.sty
Package: l3flag 2015/12/20 v6326 L3 Experimental flags
)
(c:/texlive/2015/texmf-dist/tex/latex/l3experimental/l3str/l3str-convert.sty
Package: l3str-convert 2015/09/26 v6106 L3 Experimental string encoding convers
ions
\l__str_internal_int=\count132
\c__str_replacement_char_int=\count133
)
\l__regex_internal_a_int=\count134
\l__regex_internal_b_int=\count135
\l__regex_internal_c_int=\count136
\l__regex_balance_int=\count137
\l__regex_group_level_int=\count138
\l__regex_mode_int=\count139
\l__regex_catcodes_int=\count140
\l__regex_default_catcodes_int=\count141
\c__regex_catcode_D_int=\count142
\c__regex_catcode_S_int=\count143
\c__regex_catcode_L_int=\count144
\c__regex_catcode_O_int=\count145
\c__regex_catcode_A_int=\count146
\c__regex_all_catcodes_int=\count147
\l__regex_show_lines_int=\count148
\l__regex_min_state_int=\count149
\l__regex_max_state_int=\count150
\l__regex_left_state_int=\count151
\l__regex_right_state_int=\count152
\l__regex_capturing_group_int=\count153
\l__regex_min_pos_int=\count154
\l__regex_max_pos_int=\count155
\l__regex_current_pos_int=\count156
\l__regex_start_pos_int=\count157
\l__regex_success_pos_int=\count158
\l__regex_current_char_int=\count159
\l__regex_current_catcode_int=\count160
\l__regex_last_char_int=\count161
\l__regex_case_changed_char_int=\count162
\l__regex_current_state_int=\count163
\l__regex_step_int=\count164
\l__regex_min_active_int=\count165
\l__regex_max_active_int=\count166
\l__regex_replacement_csnames_int=\count167
\l__regex_match_count_int=\count168
\l__regex_submatch_int=\count169
\l__regex_zeroth_submatch_int=\count170
)
(c:/texlive/2015/texmf-dist/tex/latex/tools/calc.sty
Package: calc 2014/10/28 v4.3 Infix arithmetic (KKT,FJ)
\calc@Acount=\count171
\calc@Bcount=\count172
\calc@Adimen=\dimen154
\calc@Bdimen=\dimen155
\calc@Askip=\skip70
\calc@Bskip=\skip71
LaTeX Info: Redefining \setlength on input line 80.
LaTeX Info: Redefining \addtolength on input line 81.
\calc@Ccount=\count173
\calc@Cskip=\skip72
)
(c:/texlive/2015/texmf-dist/tex/latex/amsmath/amsmath.sty
Package: amsmath 2013/01/14 v2.14 AMS math features
\@mathmargin=\skip73

For additional information on amsmath, use the `?' option.
(c:/texlive/2015/texmf-dist/tex/latex/amsmath/amstext.sty
Package: amstext 2000/06/29 v2.01

(c:/texlive/2015/texmf-dist/tex/latex/amsmath/amsgen.sty
File: amsgen.sty 1999/11/30 v2.0
\@emptytoks=\toks22
\ex@=\dimen156
))
(c:/texlive/2015/texmf-dist/tex/latex/amsmath/amsbsy.sty
Package: amsbsy 1999/11/29 v1.2d
\pmbraise@=\dimen157
)
(c:/texlive/2015/texmf-dist/tex/latex/amsmath/amsopn.sty
Package: amsopn 1999/12/14 v2.01 operator names
)
\inf@bad=\count174
LaTeX Info: Redefining \frac on input line 210.
\uproot@=\count175
\leftroot@=\count176
LaTeX Info: Redefining \overline on input line 306.
\classnum@=\count177
\DOTSCASE@=\count178
LaTeX Info: Redefining \ldots on input line 378.
LaTeX Info: Redefining \dots on input line 381.
LaTeX Info: Redefining \cdots on input line 466.
\Mathstrutbox@=\box50
\strutbox@=\box51
\big@size=\dimen158
LaTeX Font Info:    Redeclaring font encoding OML on input line 566.
LaTeX Font Info:    Redeclaring font encoding OMS on input line 567.
\macc@depth=\count179
\c@MaxMatrixCols=\count180
\dotsspace@=\muskip16
\c@parentequation=\count181
\dspbrk@lvl=\count182
\tag@help=\toks23
\row@=\count183
\column@=\count184
\maxfields@=\count185
\andhelp@=\toks24
\eqnshift@=\dimen159
\alignsep@=\dimen160
\tagshift@=\dimen161
\tagwidth@=\dimen162
\totwidth@=\dimen163
\lineht@=\dimen164
\@envbody=\toks25
\multlinegap=\skip74
\multlinetaggap=\skip75
\mathdisplay@stack=\toks26
LaTeX Info: Redefining \[ on input line 2665.
LaTeX Info: Redefining \] on input line 2666.
)
(c:/texlive/2015/texmf-dist/tex/latex/chemgreek/chemgreek.sty
(c:/texlive/2015/texmf-dist/tex/latex/l3packages/xparse/xparse.sty
Package: xparse 2015/12/20 v6326 L3 Experimental document command parser
\l__xparse_current_arg_int=\count186
\l__xparse_m_args_int=\count187
\l__xparse_mandatory_args_int=\count188
\l__xparse_processor_int=\count189
\l__xparse_v_nesting_int=\count190
)
Package: chemgreek 2016/01/05 v1.0c interfaceforuprightgreeklettersforuseinchem
istry (CN)
\l__chemgreek_tmpa_int=\count191
\g__chemgreek_tmpa_int=\count192
.................................................
. LaTeX info: "xparse/define-command"
. 
. Defining command \newchemgreekmapping with sig. 'O{}mm' on line 336.
.................................................
.................................................
. LaTeX info: "xparse/define-command"
. 
. Defining command \renewchemgreekmapping with sig. 'O{}mm' on line 339.
.................................................
.................................................
. LaTeX info: "xparse/define-command"
. 
. Defining command \declarechemgreekmapping with sig. 'O{}mm' on line 342.
.................................................
.................................................
. LaTeX info: "xparse/define-command"
. 
. Defining command \newchemgreekmappingalias with sig. 'mm' on line 347.
.................................................
.................................................
. LaTeX info: "xparse/define-command"
. 
. Defining command \renewchemgreekmappingalias with sig. 'mm' on line 350.
.................................................
.................................................
. LaTeX info: "xparse/define-command"
. 
. Defining command \declarechemgreekmappingalias with sig. 'mm' on line 353.
.................................................
.................................................
. LaTeX info: "xparse/define-command"
. 
. Defining command \changechemgreeksymbol with sig. 'mmmm' on line 383.
.................................................
.................................................
. LaTeX info: "xparse/define-command"
. 
. Defining command \chemgreekmappingsymbol with sig. 'mm' on line 477.
.................................................
.................................................
. LaTeX info: "xparse/define-command"
. 
. Defining command \activatechemgreekmapping with sig. 'sm' on line 486.
.................................................
.................................................
. LaTeX info: "xparse/define-command"
. 
. Defining command \selectchemgreekmapping with sig. 'm' on line 491.
.................................................
)
\l__mhchem_ce_distanceFromLastComma_int=\count193
\__mhchem_arrow_extPgfLength_skip=\skip76
\mhchem@bondwidth=\skip77
\mhchem@bondheight=\skip78
\mhchem@smallbondwidth@tmpA=\skip79
\mhchem@smallbondwidth@tmpB=\skip80
\mhchem@smallbondwidth=\skip81
\mhchem@bondtmp@minussidebearingleft=\skip82
\mhchem@bondtmp@minussidebearingright=\skip83
\mhchem@minispace@tmp=\skip84
\mhchem@minibackspace@tmp=\skip85
\l__mhchem_option_version_int=\count194
\mhchem@option@minusmathsidebearingleft=\dimen165
\mhchem@option@minusmathsidebearingright=\dimen166
\mhchem@option@minustextsidebearingleft=\dimen167
\mhchem@option@minustextsidebearingright=\dimen168
)
(c:/texlive/2015/texmf-dist/tex/latex/natbib/natbib.sty
Package: natbib 2010/09/13 8.31b (PWD, AO)
\bibhang=\skip86
\bibsep=\skip87
LaTeX Info: Redefining \cite on input line 694.
\c@NAT@ctr=\count195
)
(c:/texlive/2015/texmf-dist/tex/latex/notes2bib/notes2bib.sty
Package: notes2bib 2013/07/11 v2.0k Integrating notes into the bibliography
\g__notestobib_note_int=\count196
\g__notestobib_previous_notes_int=\count197
\g__notestobib_total_notes_int=\count198
.................................................
. LaTeX info: "xparse/define-command"
. 
. Defining command \bibnote with sig. 'o+m' on line 421.
.................................................
.................................................
. LaTeX info: "xparse/define-command"
. 
. Defining command \bibnotemark with sig. 'o' on line 434.
.................................................
.................................................
. LaTeX info: "xparse/define-command"
. 
. Defining command \bibnotetext with sig. 'o+m' on line 439.
.................................................
.................................................
. LaTeX info: "xparse/define-command"
. 
. Defining command \recordnotes with sig. '' on line 442.
.................................................
.................................................
. LaTeX info: "xparse/define-command"
. 
. Defining command \bibnotesetup with sig. 'm' on line 445.
.................................................
.................................................
. LaTeX info: "xparse/define-command"
. 
. Defining command \printbibnotes with sig. '' on line 448.
.................................................
.................................................
. LaTeX info: "xparse/define-command"
. 
. Defining command \citenote with sig. 'm' on line 451.
.................................................
)
(c:/texlive/2015/texmf-dist/tex/latex/mciteplus/mciteplus.sty
Package: mciteplus 2013/09/13 v1.2 enhanced mcite
\@mcitetmptoksA=\toks27
\@mcitetmpdima=\dimen169
\@mcitetmpdimb=\dimen170
\@mcitetmpcnta=\count199
\@mcitetmpcntb=\count266
\c@mcitebibitemcount=\count267
\c@mcitesubitemcount=\count268

** mciteplus: Detected natbib.sty. Invoking hooks.
) (c:/texlive/2015/texmf-dist/tex/latex/xkeyval/xkeyval.sty
Package: xkeyval 2014/12/03 v2.7a package option processing (HA)

(c:/texlive/2015/texmf-dist/tex/generic/xkeyval/xkeyval.tex
(c:/texlive/2015/texmf-dist/tex/generic/xkeyval/xkvutils.tex
\XKV@toks=\toks28
\XKV@tempa@toks=\toks29
)
\XKV@depth=\count269
File: xkeyval.tex 2014/12/03 v2.7a key=value parser (HA)
))
(c:/texlive/2015/texmf-dist/tex/latex/tools/enumerate.sty
Package: enumerate 2015/07/23 v3.00 enumerate extensions (DPC)
\@enLab=\toks30
))
No file PRINCIPAL.aux.
\openout1 = `PRINCIPAL.aux'.

LaTeX Font Info:    Checking defaults for OML/cmm/m/it on input line 7.
LaTeX Font Info:    ... okay on input line 7.
LaTeX Font Info:    Checking defaults for T1/cmr/m/n on input line 7.
LaTeX Font Info:    ... okay on input line 7.
LaTeX Font Info:    Checking defaults for OT1/cmr/m/n on input line 7.
LaTeX Font Info:    ... okay on input line 7.
LaTeX Font Info:    Checking defaults for OMS/cmsy/m/n on input line 7.
LaTeX Font Info:    ... okay on input line 7.
LaTeX Font Info:    Checking defaults for OMX/cmex/m/n on input line 7.
LaTeX Font Info:    ... okay on input line 7.
LaTeX Font Info:    Checking defaults for U/cmr/m/n on input line 7.
LaTeX Font Info:    ... okay on input line 7.
LaTeX Font Info:    Checking defaults for TS1/cmr/m/n on input line 7.
LaTeX Font Info:    Try loading font information for TS1+cmr on input line 7.
(c:/texlive/2015/texmf-dist/tex/latex/base/ts1cmr.fd
File: ts1cmr.fd 2014/09/29 v2.5h Standard LaTeX font definitions
)
LaTeX Font Info:    ... okay on input line 7.

(c:/texlive/2015/texmf-dist/tex/context/base/supp-pdf.mkii
[Loading MPS to PDF converter (version 2006.09.02).]
\scratchcounter=\count270
\scratchdimen=\dimen171
\scratchbox=\box52
\nofMPsegments=\count271
\nofMParguments=\count272
\everyMPshowfont=\toks31
\MPscratchCnt=\count273
\MPscratchDim=\dimen172
\MPnumerator=\count274
\makeMPintoPDFobject=\count275
\everyMPtoPDFconversion=\toks32
) (c:/texlive/2015/texmf-dist/tex/generic/oberdiek/pdftexcmds.sty
Package: pdftexcmds 2011/11/29 v0.20 Utility functions of pdfTeX for LuaTeX (HO
)

(c:/texlive/2015/texmf-dist/tex/generic/oberdiek/ifluatex.sty
Package: ifluatex 2010/03/01 v1.3 Provides the ifluatex switch (HO)
Package ifluatex Info: LuaTeX not detected.
)
(c:/texlive/2015/texmf-dist/tex/generic/oberdiek/ifpdf.sty
Package: ifpdf 2011/01/30 v2.3 Provides the ifpdf switch (HO)
Package ifpdf Info: pdfTeX in PDF mode is detected.
)
Package pdftexcmds Info: LuaTeX not detected.
Package pdftexcmds Info: \pdf@primitive is available.
Package pdftexcmds Info: \pdf@ifprimitive is available.
Package pdftexcmds Info: \pdfdraftmode found.
)
(c:/texlive/2015/texmf-dist/tex/latex/oberdiek/epstopdf-base.sty
Package: epstopdf-base 2010/02/09 v2.5 Base part for package epstopdf

(c:/texlive/2015/texmf-dist/tex/latex/oberdiek/grfext.sty
Package: grfext 2010/08/19 v1.1 Manage graphics extensions (HO)

(c:/texlive/2015/texmf-dist/tex/generic/oberdiek/kvdefinekeys.sty
Package: kvdefinekeys 2011/04/07 v1.3 Define keys (HO)
))
(c:/texlive/2015/texmf-dist/tex/latex/oberdiek/kvoptions.sty
Package: kvoptions 2011/06/30 v3.11 Key value format for package options (HO)

(c:/texlive/2015/texmf-dist/tex/generic/oberdiek/kvsetkeys.sty
Package: kvsetkeys 2012/04/25 v1.16 Key value parser (HO)

(c:/texlive/2015/texmf-dist/tex/generic/oberdiek/etexcmds.sty
Package: etexcmds 2011/02/16 v1.5 Avoid name clashes with e-TeX commands (HO)
Package etexcmds Info: Could not find \expanded.
(etexcmds)             That can mean that you are not using pdfTeX 1.50 or
(etexcmds)             that some package has redefined \expanded.
(etexcmds)             In the latter case, load this package earlier.
)))
Package grfext Info: Graphics extension search list:
(grfext)             [.png,.pdf,.jpg,.mps,.jpeg,.jbig2,.jb2,.PNG,.PDF,.JPG,.JPE
G,.JBIG2,.JB2,.eps]
(grfext)             \AppendGraphicsExtensions on input line 452.

(c:/texlive/2015/texmf-dist/tex/latex/latexconfig/epstopdf-sys.cfg
File: epstopdf-sys.cfg 2010/07/13 v1.3 Configuration of (r)epstopdf for TeX Liv
e
))
Package minitoc(hints) Info: I0049
(minitoc(hints))             ==> You requested the hints option. 
(minitoc(hints))             Some hints are eventually given below.

ABD: EveryShipout initializing macros
LaTeX Info: Redefining \. on input line 7.
LaTeX Info: Redefining \% on input line 7.
.................................................
. chemgreek info: "mapping-activated"
. 
. Activating 